TN:
SF:/home/daniel/zephyr-workspaces/integration/modules/mender-mcu/core/src/mender-alloc.c
FN:30,mender_set_allocation_funcs
FN:37,mender_malloc
FN:45,mender_calloc
FN:54,mender_realloc
FN:62,mender_free
FNDA:218,mender_free
FNDA:11,mender_realloc
FNDA:13,mender_calloc
FNDA:1,mender_set_allocation_funcs
FNDA:255,mender_malloc
FNF:5
FNH:5
DA:30,1
DA:31,1
DA:32,1
DA:33,1
DA:34,1
DA:37,255
DA:38,255
DA:39,0
DA:41,255
DA:45,13
DA:46,13
DA:47,13
DA:48,13
DA:50,13
DA:54,11
DA:55,11
DA:56,0
DA:58,11
DA:62,218
DA:63,218
DA:64,0
DA:65,0
DA:67,218
LF:23
LH:19
end_of_record
TN:
SF:/home/daniel/zephyr-workspaces/integration/modules/mender-mcu/core/src/mender-api.c
FN:82,mender_api_init
FN:109,mender_api_drop_authentication_data
FN:124,mender_api_ensure_authenticated
FN:139,ensure_authenticated_and_locked
FN:163,perform_authentication
FN:278,authenticated_http_perform
FN:330,api_check_for_deployment_v2
FN:414,api_check_for_deployment_v1
FN:451,mender_api_check_for_deployment
FN:559,mender_api_publish_deployment_status
FN:632,mender_api_publish_inventory_data
FN:718,mender_api_exit
FN:733,mender_api_http_text_callback
FN:781,mender_api_print_response_error
FNDA:3,mender_api_publish_deployment_status
FNDA:1,api_check_for_deployment_v2
FNDA:1,perform_authentication
FNDA:0,mender_api_ensure_authenticated
FNDA:0,mender_api_publish_inventory_data
FNDA:4,ensure_authenticated_and_locked
FNDA:0,api_check_for_deployment_v1
FNDA:1,mender_api_check_for_deployment
FNDA:14,mender_api_http_text_callback
FNDA:1,mender_api_print_response_error
FNDA:4,authenticated_http_perform
FNDA:0,mender_api_exit
FNDA:0,mender_api_drop_authentication_data
FNDA:1,mender_api_init
FNF:14
FNH:9
DA:82,1
DA:83,1
DA:84,1
DA:85,1
DA:86,1
DA:91,1
DA:94,1
DA:95,1
DA:96,0
DA:97,0
DA:100,1
DA:101,0
DA:102,0
DA:105,1
DA:109,0
DA:111,0
DA:112,0
DA:113,0
DA:115,0
DA:116,0
DA:117,0
DA:120,0
DA:124,0
DA:125,0
DA:126,0
DA:128,0
DA:131,0
DA:132,0
DA:135,0
DA:139,4
DA:142,4
DA:143,0
DA:144,0
DA:147,4
DA:148,3
DA:152,1
DA:153,0
DA:154,0
DA:156,1
DA:159,1
DA:163,1
DA:165,1
DA:166,1
DA:167,1
DA:168,1
DA:169,1
DA:170,1
DA:171,1
DA:172,1
DA:173,1
DA:174,1
DA:177,1
DA:178,0
DA:179,0
DA:183,1
DA:184,0
DA:185,0
DA:189,1
DA:190,0
DA:191,0
DA:193,1
DA:194,0
DA:195,0
DA:196,0
DA:200,1
DA:201,0
DA:202,0
DA:203,0
DA:205,1
DA:206,1
DA:207,1
DA:208,1
DA:210,1
DA:211,0
DA:212,0
DA:213,0
DA:217,1
DA:218,0
DA:219,0
DA:223,1
DA:224,1
DA:232,0
DA:233,0
DA:234,0
DA:238,1
DA:239,1
DA:240,0
DA:241,0
DA:242,0
DA:244,1
DA:245,0
DA:247,1
DA:248,0
DA:249,0
DA:250,0
DA:252,1
DA:254,0
DA:256,0
DA:257,0
DA:260,1
DA:263,1
DA:264,1
DA:265,1
DA:266,1
DA:267,1
DA:268,1
DA:269,1
DA:271,1
DA:278,4
DA:281,4
DA:283,0
DA:284,0
DA:285,0
DA:286,0
DA:289,0
DA:292,4
DA:293,3
DA:294,0
DA:295,0
DA:297,3
DA:299,0
DA:300,0
DA:303,3
DA:305,0
DA:306,0
DA:307,0
DA:308,0
DA:309,0
DA:310,0
DA:311,0
DA:312,0
DA:314,0
DA:316,0
DA:318,0
DA:319,0
DA:320,0
DA:321,0
DA:326,3
DA:330,1
DA:331,1
DA:332,1
DA:334,1
DA:335,1
DA:336,1
DA:337,1
DA:340,1
DA:345,1
DA:346,0
DA:347,0
DA:351,1
DA:352,1
DA:353,0
DA:354,0
DA:357,1
DA:358,0
DA:359,0
DA:365,1
DA:366,0
DA:367,0
DA:369,1
DA:370,0
DA:371,0
DA:372,0
DA:378,1
DA:379,0
DA:380,0
DA:383,1
DA:384,0
DA:385,0
DA:388,1
DA:389,0
DA:390,0
DA:394,1
DA:395,0
DA:396,0
DA:399,1
DA:401,1
DA:405,1
DA:408,1
DA:409,1
DA:410,1
DA:414,0
DA:416,0
DA:417,0
DA:419,0
DA:420,0
DA:421,0
DA:423,0
DA:424,0
DA:425,0
DA:429,0
DA:430,0
DA:431,0
DA:435,0
DA:436,0
DA:437,0
DA:440,0
DA:442,0
DA:445,0
DA:447,0
DA:451,1
DA:453,1
DA:454,1
DA:455,1
DA:456,1
DA:458,1
DA:459,0
DA:463,1
DA:464,0
DA:465,0
DA:466,0
DA:467,0
DA:472,1
DA:473,1
DA:474,1
DA:475,1
DA:476,1
DA:477,1
DA:478,0
DA:479,0
DA:482,1
DA:483,1
DA:484,1
DA:485,1
DA:486,1
DA:487,0
DA:488,0
DA:491,1
DA:492,1
DA:493,1
DA:494,1
DA:495,1
DA:496,0
DA:497,0
DA:499,1
DA:501,0
DA:502,0
DA:505,0
DA:506,0
DA:508,1
DA:509,1
DA:510,1
DA:511,1
DA:512,1
DA:513,0
DA:514,0
DA:515,0
DA:517,2
DA:518,1
DA:519,1
DA:520,1
DA:521,0
DA:522,0
DA:525,0
DA:526,0
DA:530,0
DA:531,0
DA:534,0
DA:535,0
DA:537,1
DA:539,0
DA:540,0
DA:542,0
DA:544,0
DA:546,0
DA:547,0
DA:550,1
DA:553,1
DA:555,1
DA:559,3
DA:560,3
DA:563,3
DA:564,3
DA:565,3
DA:566,3
DA:567,3
DA:568,3
DA:571,3
DA:572,0
DA:573,0
DA:574,0
DA:578,3
DA:579,0
DA:580,0
DA:581,0
DA:583,3
DA:584,3
DA:585,0
DA:586,0
DA:587,0
DA:591,3
DA:592,3
DA:593,0
DA:594,0
DA:595,0
DA:597,3
DA:600,3
DA:601,0
DA:602,0
DA:606,2
DA:608,1
DA:609,1
DA:611,1
DA:612,1
DA:614,0
DA:615,0
DA:618,2
DA:621,2
DA:622,2
DA:623,2
DA:624,2
DA:626,2
DA:632,0
DA:635,0
DA:636,0
DA:637,0
DA:638,0
DA:640,0
DA:641,0
DA:642,0
DA:646,0
DA:647,0
DA:648,0
DA:649,0
DA:650,0
DA:652,0
DA:653,0
DA:654,0
DA:655,0
DA:656,0
DA:658,0
DA:659,0
DA:660,0
DA:661,0
DA:662,0
DA:663,0
DA:664,0
DA:665,0
DA:667,0
DA:668,0
DA:669,0
DA:670,0
DA:671,0
DA:672,0
DA:673,0
DA:674,0
DA:675,0
DA:676,0
DA:678,0
DA:679,0
DA:680,0
DA:681,0
DA:684,0
DA:685,0
DA:686,0
DA:687,0
DA:691,0
DA:692,0
DA:693,0
DA:697,0
DA:699,0
DA:701,0
DA:702,0
DA:705,0
DA:708,0
DA:709,0
DA:710,0
DA:712,0
DA:718,0
DA:721,0
DA:724,0
DA:727,0
DA:729,0
DA:733,14
DA:735,14
DA:736,14
DA:737,14
DA:741,14
DA:742,4
DA:744,4
DA:745,6
DA:747,6
DA:748,0
DA:749,0
DA:750,0
DA:753,6
DA:754,6
DA:755,0
DA:756,0
DA:757,0
DA:759,6
DA:760,6
DA:761,6
DA:762,6
DA:763,4
DA:765,4
DA:766,0
DA:768,0
DA:769,0
DA:770,0
DA:771,0
DA:773,0
DA:774,0
DA:777,14
DA:781,1
DA:785,1
DA:786,1
DA:787,1
DA:788,1
DA:789,1
DA:790,1
DA:791,1
DA:793,0
DA:795,1
DA:797,0
DA:800,0
DA:803,0
DA:805,1
LF:418
LH:178
end_of_record
TN:
SF:/home/daniel/zephyr-workspaces/integration/modules/mender-mcu/core/src/mender-artifact-download.c
FN:35,mender_download_artifact
FN:68,mender_download_artifact_callback
FNDA:21,mender_download_artifact_callback
FNDA:1,mender_download_artifact
FNF:2
FNH:2
DA:35,1
DA:36,1
DA:37,1
DA:38,1
DA:41,1
DA:43,1
DA:50,1
DA:51,0
DA:52,0
DA:53,0
DA:57,1
DA:59,1
DA:60,1
DA:62,0
DA:63,0
DA:68,21
DA:69,21
DA:71,21
DA:74,21
DA:75,1
DA:77,1
DA:78,0
DA:79,0
DA:81,1
DA:82,19
DA:84,19
DA:85,0
DA:86,0
DA:90,19
DA:91,0
DA:92,0
DA:94,19
DA:97,19
DA:98,0
DA:99,0
DA:101,19
DA:102,1
DA:103,1
DA:104,0
DA:106,0
DA:107,0
DA:108,0
DA:110,0
DA:113,21
LF:44
LH:26
end_of_record
TN:
SF:/home/daniel/zephyr-workspaces/integration/modules/mender-mcu/core/src/mender-artifact.c
FN:149,data_mdata_cache_invalidate
FN:217,artifact_checksum_get_or_create
FN:257,mender_artifact_check_integrity
FN:300,mender_artifact_create_ctx
FN:324,mender_artifact_get_ctx
FN:337,is_compressed
FN:354,mender_artifact_process_data
FN:488,mender_artifact_release_ctx
FN:527,artifact_parse_tar_header
FN:647,artifact_read_version
FN:706,mender_artifact_get_device_type
FN:725,artifact_read_manifest
FN:803,artifact_parse_provides_depends
FN:841,artifact_read_header_info
FN:934,artifact_read_type_info
FN:1028,artifact_read_meta_data
FN:1100,process_artifact_data_callback
FN:1143,artifact_read_data_prepare
FN:1236,artifact_read_data
FN:1290,artifact_drop_file
FN:1324,artifact_shift_and_checksum_data
FN:1357,artifact_shift_data
FN:1378,artifact_round_up
FNDA:2,artifact_read_manifest
FNDA:24,artifact_parse_tar_header
FNDA:0,artifact_drop_file
FNDA:12,artifact_round_up
FNDA:3,artifact_parse_provides_depends
FNDA:2,artifact_read_data
FNDA:20,mender_artifact_get_ctx
FNDA:19,mender_artifact_process_data
FNDA:0,mender_artifact_release_ctx
FNDA:1,mender_artifact_create_ctx
FNDA:1,process_artifact_data_callback
FNDA:0,artifact_read_meta_data
FNDA:1,is_compressed
FNDA:2,artifact_read_header_info
FNDA:1,artifact_read_data_prepare
FNDA:7,artifact_shift_and_checksum_data
FNDA:1,mender_artifact_check_integrity
FNDA:15,artifact_shift_data
FNDA:1,mender_artifact_get_device_type
FNDA:24,data_mdata_cache_invalidate
FNDA:2,artifact_read_type_info
FNDA:10,artifact_checksum_get_or_create
FNDA:2,artifact_read_version
FNF:23
FNH:20
DA:149,24
DA:150,24
DA:152,24
DA:153,24
DA:154,24
DA:217,10
DA:218,10
DA:219,10
DA:223,16
DA:224,13
DA:225,7
DA:229,10
DA:231,3
DA:232,3
DA:233,0
DA:234,0
DA:236,3
DA:237,3
DA:238,0
DA:239,0
DA:240,0
DA:242,3
DA:243,3
DA:246,3
DA:247,0
DA:248,0
DA:252,10
DA:257,1
DA:258,1
DA:261,4
DA:263,3
DA:265,3
DA:266,0
DA:267,0
DA:268,0
DA:270,3
DA:272,3
DA:273,0
DA:278,0
DA:279,0
DA:280,0
DA:283,0
DA:285,0
DA:286,0
DA:287,0
DA:290,0
DA:292,0
DA:296,1
DA:300,1
DA:305,1
DA:306,0
DA:307,0
DA:309,1
DA:310,0
DA:311,0
DA:312,0
DA:314,1
DA:315,1
DA:318,1
DA:320,1
DA:324,20
DA:326,20
DA:328,20
DA:329,0
DA:332,20
DA:333,20
DA:337,1
DA:342,4
DA:343,3
DA:344,0
DA:348,1
DA:354,19
DA:356,19
DA:357,19
DA:363,19
DA:364,19
DA:365,0
DA:370,0
DA:371,0
DA:372,0
DA:373,0
DA:375,0
DA:377,0
DA:378,0
DA:382,0
DA:383,0
DA:385,0
DA:387,0
DA:389,0
DA:391,0
DA:393,19
DA:394,19
DA:401,36
DA:404,24
DA:407,24
DA:409,12
DA:412,12
DA:415,2
DA:418,10
DA:421,2
DA:423,8
DA:426,2
DA:428,6
DA:429,2
DA:432,0
DA:435,6
DA:438,2
DA:440,4
DA:445,2
DA:447,1
DA:450,2
DA:451,2
DA:453,2
DA:455,2
DA:458,0
DA:462,2
DA:466,12
DA:469,7
DA:470,7
DA:471,5
DA:473,2
DA:475,7
DA:476,7
DA:479,7
DA:482,36
DA:484,19
DA:488,0
DA:491,0
DA:492,0
DA:493,0
DA:494,0
DA:495,0
DA:496,0
DA:499,0
DA:500,0
DA:501,0
DA:502,0
DA:504,0
DA:507,0
DA:509,0
DA:511,0
DA:512,0
DA:514,0
DA:515,0
DA:516,0
DA:517,0
DA:518,0
DA:520,0
DA:522,0
DA:524,0
DA:527,24
DA:528,24
DA:534,24
DA:535,11
DA:539,13
DA:542,13
DA:545,6
DA:546,3
DA:549,3
DA:552,3
DA:553,2
DA:554,2
DA:555,2
DA:556,2
DA:557,2
DA:558,0
DA:560,2
DA:563,0
DA:570,3
DA:571,1
DA:572,1
DA:573,0
DA:574,0
DA:577,2
DA:578,0
DA:579,0
DA:583,3
DA:587,7
DA:589,0
DA:590,0
DA:594,7
DA:595,3
DA:596,3
DA:597,0
DA:598,0
DA:600,3
DA:601,3
DA:603,4
DA:604,0
DA:605,0
DA:608,7
DA:613,7
DA:615,7
DA:616,7
DA:617,7
DA:618,0
DA:619,0
DA:622,7
DA:627,7
DA:628,7
DA:629,2
DA:630,0
DA:631,0
DA:634,5
DA:635,0
DA:636,0
DA:641,7
DA:643,7
DA:647,2
DA:649,2
DA:650,2
DA:651,2
DA:654,2
DA:655,1
DA:659,1
DA:660,0
DA:661,0
DA:663,1
DA:664,1
DA:665,1
DA:666,0
DA:667,0
DA:668,0
DA:671,0
DA:672,0
DA:673,0
DA:675,1
DA:676,1
DA:677,1
DA:678,0
DA:679,0
DA:680,0
DA:683,0
DA:684,0
DA:685,0
DA:687,1
DA:690,1
DA:691,0
DA:692,0
DA:693,0
DA:696,1
DA:699,1
DA:701,1
DA:706,1
DA:708,1
DA:709,1
DA:711,1
DA:712,1
DA:713,1
DA:714,1
DA:715,1
DA:716,1
DA:719,0
DA:721,0
DA:725,2
DA:727,2
DA:730,2
DA:731,1
DA:741,1
DA:742,1
DA:743,4
DA:744,4
DA:745,4
DA:746,1
DA:748,3
DA:751,3
DA:752,3
DA:753,0
DA:754,0
DA:756,3
DA:758,3
DA:759,3
DA:762,3
DA:763,0
DA:764,0
DA:768,3
DA:771,3
DA:772,0
DA:773,0
DA:778,3
DA:780,0
DA:784,3
DA:785,0
DA:786,0
DA:790,3
DA:794,1
DA:795,0
DA:796,0
DA:799,1
DA:803,3
DA:805,3
DA:806,3
DA:810,3
DA:811,6
DA:812,3
DA:813,2
DA:814,0
DA:815,0
DA:817,1
DA:818,1
DA:819,2
DA:820,1
DA:821,0
DA:822,0
DA:826,0
DA:827,0
DA:831,3
DA:833,0
DA:835,0
DA:836,0
DA:841,2
DA:843,2
DA:844,2
DA:845,2
DA:849,2
DA:850,1
DA:854,1
DA:855,0
DA:856,0
DA:858,1
DA:859,1
DA:860,1
DA:861,1
DA:862,0
DA:863,0
DA:864,0
DA:866,1
DA:867,1
DA:868,2
DA:869,1
DA:870,1
DA:871,1
DA:872,1
DA:873,0
DA:874,0
DA:875,0
DA:878,0
DA:879,0
DA:880,0
DA:883,0
DA:884,0
DA:885,0
DA:887,1
DA:891,1
DA:892,1
DA:893,1
DA:894,0
DA:895,0
DA:896,0
DA:900,1
DA:901,1
DA:902,1
DA:903,0
DA:904,0
DA:905,0
DA:911,0
DA:912,0
DA:913,0
DA:918,1
DA:919,0
DA:920,0
DA:921,0
DA:924,1
DA:927,1
DA:929,1
DA:934,2
DA:936,2
DA:937,2
DA:938,2
DA:939,2
DA:943,2
DA:944,1
DA:948,1
DA:949,0
DA:950,0
DA:954,1
DA:955,0
DA:956,0
DA:957,0
DA:960,1
DA:961,1
DA:962,1
DA:963,0
DA:964,0
DA:965,0
DA:969,1
DA:970,1
DA:971,0
DA:972,0
DA:973,0
DA:974,0
DA:978,1
DA:979,1
DA:980,1
DA:981,1
DA:982,1
DA:983,0
DA:984,0
DA:985,0
DA:988,1
DA:989,1
DA:991,2
DA:992,1
DA:993,1
DA:994,1
DA:995,0
DA:996,0
DA:997,0
DA:999,1
DA:1000,1
DA:1002,0
DA:1003,0
DA:1004,0
DA:1012,1
DA:1013,0
DA:1014,0
DA:1015,0
DA:1018,1
DA:1021,1
DA:1023,1
DA:1028,0
DA:1029,0
DA:1035,0
DA:1036,0
DA:1037,0
DA:1038,0
DA:1042,0
DA:1044,0
DA:1046,0
DA:1047,0
DA:1048,0
DA:1049,0
DA:1050,0
DA:1051,0
DA:1054,0
DA:1055,0
DA:1058,0
DA:1060,0
DA:1064,0
DA:1065,0
DA:1066,0
DA:1070,0
DA:1071,0
DA:1072,0
DA:1077,0
DA:1078,0
DA:1079,0
DA:1082,0
DA:1100,1
DA:1111,1
DA:1112,1
DA:1115,1
DA:1118,1
DA:1119,1
DA:1123,1
DA:1124,0
DA:1125,0
DA:1131,1
DA:1133,1
DA:1134,1
DA:1135,0
DA:1136,0
DA:1139,1
DA:1143,1
DA:1147,1
DA:1148,1
DA:1149,0
DA:1150,0
DA:1153,1
DA:1156,1
DA:1163,0
DA:1164,0
DA:1165,0
DA:1170,1
DA:1172,1
DA:1174,1
DA:1175,1
DA:1176,1
DA:1177,1
DA:1178,0
DA:1179,0
DA:1182,1
DA:1183,1
DA:1185,1
DA:1188,1
DA:1189,1
DA:1191,0
DA:1192,0
DA:1196,1
DA:1198,0
DA:1202,1
DA:1203,0
DA:1204,0
DA:1206,1
DA:1207,0
DA:1208,0
DA:1211,1
DA:1212,1
DA:1213,1
DA:1220,1
DA:1221,0
DA:1222,0
DA:1224,1
DA:1225,14
DA:1228,13
DA:1231,1
DA:1232,1
DA:1236,2
DA:1238,2
DA:1242,2
DA:1244,0
DA:1251,2
DA:1252,1
DA:1256,1
DA:1257,1
DA:1260,1
DA:1263,1
DA:1270,1
DA:1271,0
DA:1272,0
DA:1276,1
DA:1279,1
DA:1280,0
DA:1281,0
DA:1284,1
DA:1286,1
DA:1290,0
DA:1292,0
DA:1296,0
DA:1298,0
DA:1305,0
DA:1306,0
DA:1310,0
DA:1313,0
DA:1314,0
DA:1315,0
DA:1318,0
DA:1320,0
DA:1324,7
DA:1325,7
DA:1326,7
DA:1327,7
DA:1329,7
DA:1330,0
DA:1334,7
DA:1337,7
DA:1339,0
DA:1342,7
DA:1343,0
DA:1344,0
DA:1353,7
DA:1357,15
DA:1359,15
DA:1362,15
DA:1363,15
DA:1364,14
DA:1365,14
DA:1370,1
DA:1374,15
DA:1378,12
DA:1379,12
LF:561
LH:318
end_of_record
TN:
SF:/home/daniel/zephyr-workspaces/integration/modules/mender-mcu/core/src/mender-client.c
FN:225,mender_client_version
FN:232,mender_client_init
FN:341,mender_client_activate
FN:368,mender_client_ensure_connected
FN:377,mender_client_network_connect
FN:396,mender_client_network_release
FN:414,mender_client_exit
FN:462,mender_client_work_function
FN:536,mender_client_initialization_work_function
FN:581,mender_commit_artifact_data
FN:625,deployment_destroy
FN:641,mender_compare_device_types
FN:668,mender_filter_provides
FN:710,mender_prepare_new_provides
FN:759,mender_check_device_compatibility
FN:812,mender_check_artifact_requirements
FN:851,mender_client_check_deployment
FN:898,set_and_store_state
FN:921,mender_client_update_work_function
FN:1214,mender_client_publish_deployment_status
FNDA:4,mender_client_ensure_connected
FNDA:1,mender_client_initialization_work_function
FNDA:1,mender_client_check_deployment
FNDA:1,mender_client_init
FNDA:0,mender_client_network_release
FNDA:0,mender_client_exit
FNDA:1,mender_client_activate
FNDA:3,mender_client_publish_deployment_status
FNDA:1,mender_prepare_new_provides
FNDA:1,mender_client_work_function
FNDA:2,set_and_store_state
FNDA:1,mender_check_artifact_requirements
FNDA:1,mender_filter_provides
FNDA:1,mender_check_device_compatibility
FNDA:1,mender_client_network_connect
FNDA:0,mender_commit_artifact_data
FNDA:1,mender_client_update_work_function
FNDA:0,deployment_destroy
FNDA:1,mender_compare_device_types
FNDA:0,mender_client_version
FNF:20
FNH:15
DA:225,0
DA:228,0
DA:232,1
DA:233,1
DA:234,1
DA:235,1
DA:238,1
DA:245,1
DA:246,0
DA:249,1
DA:253,1
DA:254,1
DA:258,1
DA:259,1
DA:260,0
DA:261,0
DA:262,0
DA:264,1
DA:266,1
DA:267,0
DA:269,1
DA:271,1
DA:272,0
DA:273,0
DA:274,0
DA:276,1
DA:277,0
DA:278,0
DA:279,0
DA:281,1
DA:282,0
DA:284,1
DA:286,1
DA:287,0
DA:289,1
DA:290,0
DA:292,1
DA:294,1
DA:297,1
DA:301,1
DA:302,0
DA:303,0
DA:305,1
DA:306,0
DA:307,0
DA:309,1
DA:310,0
DA:311,0
DA:313,1
DA:314,0
DA:315,0
DA:317,1
DA:318,1
DA:319,1
DA:320,1
DA:321,1
DA:323,1
DA:324,0
DA:325,0
DA:329,1
DA:330,0
DA:331,0
DA:335,1
DA:337,1
DA:341,1
DA:344,1
DA:346,1
DA:350,1
DA:351,1
DA:352,0
DA:353,0
DA:358,1
DA:359,0
DA:360,0
DA:364,1
DA:368,4
DA:369,4
DA:370,3
DA:373,1
DA:377,1
DA:378,1
DA:379,0
DA:383,1
DA:384,1
DA:385,0
DA:386,0
DA:390,1
DA:392,1
DA:396,0
DA:397,0
DA:398,0
DA:402,0
DA:403,0
DA:404,0
DA:405,0
DA:408,0
DA:410,0
DA:414,0
DA:415,0
DA:417,0
DA:418,0
DA:420,0
DA:423,0
DA:424,0
DA:426,0
DA:428,0
DA:432,0
DA:435,0
DA:436,0
DA:438,0
DA:443,0
DA:444,0
DA:445,0
DA:446,0
DA:447,0
DA:450,0
DA:451,0
DA:452,0
DA:453,0
DA:454,0
DA:456,0
DA:458,0
DA:462,1
DA:464,1
DA:466,1
DA:467,0
DA:468,0
DA:469,0
DA:472,0
DA:473,0
DA:475,0
DA:476,0
DA:477,0
DA:480,0
DA:481,0
DA:482,0
DA:484,0
DA:486,0
DA:487,0
DA:491,0
DA:497,0
DA:498,1
DA:500,1
DA:501,1
DA:502,0
DA:504,1
DA:506,1
DA:507,1
DA:508,1
DA:509,0
DA:510,0
DA:513,0
DA:515,0
DA:516,0
DA:518,0
DA:520,0
DA:525,0
DA:527,0
DA:532,0
DA:536,1
DA:538,1
DA:541,1
DA:542,0
DA:543,0
DA:547,1
DA:548,1
DA:549,0
DA:550,0
DA:554,1
DA:556,1
DA:558,0
DA:560,0
DA:562,0
DA:564,0
DA:567,0
DA:572,0
DA:573,0
DA:574,0
DA:577,0
DA:581,0
DA:583,0
DA:586,0
DA:587,0
DA:588,0
DA:591,0
DA:592,0
DA:593,0
DA:600,0
DA:601,0
DA:602,0
DA:606,0
DA:607,0
DA:608,0
DA:609,0
DA:612,0
DA:613,0
DA:614,0
DA:615,0
DA:617,0
DA:621,0
DA:625,0
DA:626,0
DA:627,0
DA:628,0
DA:629,0
DA:630,0
DA:631,0
DA:633,0
DA:634,0
DA:636,0
DA:641,1
DA:646,1
DA:647,1
DA:648,1
DA:649,1
DA:651,1
DA:652,0
DA:653,0
DA:657,1
DA:658,1
DA:659,1
DA:662,0
DA:663,0
DA:668,1
DA:670,1
DA:673,2
DA:674,2
DA:675,1
DA:676,1
DA:677,0
DA:678,0
DA:679,0
DA:681,0
DA:682,0
DA:683,0
DA:690,1
DA:691,0
DA:692,0
DA:696,1
DA:697,0
DA:698,0
DA:701,1
DA:703,1
DA:705,1
DA:706,1
DA:710,1
DA:712,1
DA:713,1
DA:716,1
DA:717,1
DA:718,0
DA:719,0
DA:722,1
DA:723,2
DA:724,1
DA:725,0
DA:726,0
DA:727,0
DA:732,1
DA:733,1
DA:734,1
DA:735,1
DA:739,1
DA:740,0
DA:741,0
DA:742,0
DA:747,1
DA:748,0
DA:751,1
DA:752,0
DA:755,1
DA:759,1
DA:762,1
DA:763,1
DA:764,0
DA:767,1
DA:770,1
DA:771,2
DA:772,1
DA:773,0
DA:774,0
DA:779,1
DA:780,0
DA:781,0
DA:783,0
DA:784,0
DA:785,0
DA:789,0
DA:791,0
DA:792,0
DA:795,0
DA:796,0
DA:797,0
DA:801,1
DA:803,1
DA:804,1
DA:805,1
DA:812,1
DA:816,1
DA:817,1
DA:818,0
DA:819,0
DA:822,1
DA:825,1
DA:826,1
DA:827,1
DA:828,1
DA:830,0
DA:835,1
DA:836,0
DA:842,1
DA:843,0
DA:846,1
DA:851,1
DA:852,1
DA:854,1
DA:856,0
DA:857,0
DA:860,1
DA:861,0
DA:862,0
DA:865,1
DA:867,1
DA:869,1
DA:870,1
DA:871,0
DA:872,0
DA:873,1
DA:874,0
DA:875,0
DA:879,1
DA:880,0
DA:881,0
DA:885,1
DA:886,0
DA:887,0
DA:889,1
DA:891,0
DA:894,1
DA:898,2
DA:904,2
DA:907,2
DA:908,0
DA:909,0
DA:913,2
DA:914,0
DA:915,0
DA:917,2
DA:921,1
DA:922,1
DA:925,1
DA:928,1
DA:929,1
DA:930,1
DA:933,1
DA:935,1
DA:936,0
DA:942,1
DA:943,0
DA:944,0
DA:945,0
DA:946,0
DA:947,0
DA:949,0
DA:950,0
DA:951,0
DA:952,0
DA:986,2
DA:987,2
DA:988,1
DA:991,1
DA:993,0
DA:994,0
DA:996,0
DA:1000,1
DA:1001,1
DA:1003,0
DA:1007,1
DA:1010,1
DA:1011,1
DA:1012,1
DA:1013,1
DA:1016,1
DA:1018,1
DA:1021,1
DA:1022,1
DA:1023,1
DA:1024,1
DA:1025,0
DA:1028,1
DA:1029,0
DA:1031,1
DA:1033,0
DA:1039,0
DA:1042,0
DA:1043,0
DA:1045,0
DA:1046,0
DA:1049,1
DA:1053,1
DA:1055,1
DA:1056,1
DA:1057,0
DA:1059,1
DA:1061,0
DA:1062,0
DA:1063,0
DA:1066,1
DA:1070,0
DA:1071,0
DA:1073,0
DA:1074,0
DA:1081,0
DA:1082,0
DA:1083,0
DA:1087,0
DA:1088,0
DA:1089,0
DA:1092,0
DA:1096,0
DA:1097,0
DA:1098,0
DA:1100,0
DA:1105,0
DA:1106,0
DA:1107,0
DA:1108,0
DA:1111,0
DA:1112,0
DA:1116,0
DA:1117,0
DA:1120,0
DA:1121,0
DA:1123,0
DA:1124,0
DA:1126,0
DA:1127,0
DA:1129,0
DA:1133,0
DA:1134,0
DA:1136,0
DA:1137,0
DA:1138,0
DA:1140,0
DA:1141,0
DA:1142,0
DA:1143,0
DA:1144,0
DA:1145,0
DA:1147,0
DA:1153,0
DA:1154,0
DA:1156,0
DA:1160,0
DA:1161,0
DA:1162,0
DA:1164,0
DA:1168,0
DA:1169,0
DA:1172,0
DA:1179,0
DA:1182,0
DA:1186,1
DA:1187,0
DA:1188,0
DA:1190,0
DA:1191,0
DA:1193,0
DA:1197,0
DA:1202,0
DA:1204,0
DA:1206,0
DA:1207,0
DA:1208,0
DA:1210,0
DA:1214,3
DA:1215,3
DA:1217,0
DA:1218,0
DA:1223,3
DA:1224,0
DA:1225,0
DA:1229,3
DA:1232,2
DA:1233,2
DA:1236,2
LF:486
LH:190
end_of_record
TN:
SF:/home/daniel/zephyr-workspaces/integration/modules/mender-mcu/core/src/mender-deployment-data.c
FN:49,validate_deployment_data
FN:100,mender_set_deployment_data
FN:141,mender_get_deployment_data
FN:172,mender_create_deployment_data
FN:243,__mender_deployment_data_get_string
FN:266,__mender_deployment_data_set_string
FN:288,mender_deployment_data_get_state
FN:309,mender_deployment_data_set_state
FN:321,mender_deployment_data_add_payload_type
FN:354,mender_deployment_data_get_payload_type
FNDA:2,__mender_deployment_data_set_string
FNDA:2,mender_set_deployment_data
FNDA:2,__mender_deployment_data_get_string
FNDA:2,mender_deployment_data_set_state
FNDA:2,validate_deployment_data
FNDA:1,mender_create_deployment_data
FNDA:0,mender_deployment_data_get_payload_type
FNDA:1,mender_get_deployment_data
FNDA:1,mender_deployment_data_add_payload_type
FNDA:1,mender_deployment_data_get_state
FNF:10
FNH:9
DA:49,2
DA:51,2
DA:68,2
DA:69,16
DA:73,14
DA:74,0
DA:75,0
DA:79,14
DA:80,0
DA:81,0
DA:85,14
DA:87,2
DA:88,2
DA:89,2
DA:90,0
DA:91,0
DA:96,2
DA:100,2
DA:102,2
DA:105,2
DA:106,0
DA:107,0
DA:111,2
DA:112,2
DA:113,2
DA:115,0
DA:116,0
DA:117,0
DA:121,2
DA:125,2
DA:126,0
DA:127,0
DA:131,2
DA:133,0
DA:134,0
DA:137,2
DA:141,1
DA:143,1
DA:148,1
DA:150,1
DA:154,0
DA:155,0
DA:156,0
DA:157,0
DA:158,0
DA:162,0
DA:163,0
DA:164,0
DA:165,0
DA:168,0
DA:172,1
DA:174,1
DA:176,1
DA:178,1
DA:179,0
DA:183,1
DA:184,0
DA:188,1
DA:189,0
DA:191,1
DA:192,0
DA:194,1
DA:197,1
DA:198,0
DA:200,1
DA:201,0
DA:203,1
DA:206,1
DA:207,0
DA:211,1
DA:212,1
DA:213,0
DA:215,1
DA:218,1
DA:219,1
DA:220,0
DA:222,1
DA:225,1
DA:226,0
DA:229,1
DA:231,0
DA:233,0
DA:235,0
DA:236,0
DA:237,0
DA:239,0
DA:243,2
DA:245,2
DA:246,2
DA:248,2
DA:249,0
DA:253,2
DA:254,0
DA:257,2
DA:260,2
DA:262,2
DA:266,2
DA:268,2
DA:269,2
DA:270,2
DA:273,2
DA:274,0
DA:275,0
DA:278,2
DA:279,0
DA:280,0
DA:281,0
DA:284,2
DA:288,1
DA:290,1
DA:291,1
DA:294,0
DA:297,0
DA:298,0
DA:302,0
DA:303,0
DA:305,0
DA:309,2
DA:311,2
DA:313,2
DA:314,0
DA:315,0
DA:317,2
DA:321,1
DA:323,1
DA:324,0
DA:327,1
DA:330,1
DA:331,0
DA:334,1
DA:335,1
DA:336,1
DA:337,0
DA:338,0
DA:339,0
DA:343,1
DA:344,1
DA:345,0
DA:346,0
DA:350,1
DA:354,0
DA:356,0
DA:358,0
DA:359,0
DA:363,0
DA:364,0
DA:368,0
DA:369,0
DA:371,0
DA:372,0
DA:373,0
DA:376,0
LF:152
LH:77
end_of_record
TN:
SF:/home/daniel/zephyr-workspaces/integration/modules/mender-mcu/core/src/mender-error-counters.c
FN:34,mender_err_count_net_inc
FN:46,mender_err_count_net_check
FN:55,mender_err_count_net_reset
FN:69,mender_err_count_reboot_inc
FN:80,mender_err_count_reboot_reset
FNDA:0,mender_err_count_net_inc
FNDA:0,mender_err_count_net_reset
FNDA:0,mender_err_count_reboot_inc
FNDA:2,mender_err_count_reboot_reset
FNDA:0,mender_err_count_net_check
FNF:5
FNH:1
DA:34,0
DA:35,0
DA:36,0
DA:38,0
DA:39,0
DA:40,0
DA:42,0
DA:46,0
DA:47,0
DA:48,0
DA:49,0
DA:51,0
DA:55,0
DA:56,0
DA:57,0
DA:69,0
DA:70,0
DA:71,0
DA:73,0
DA:74,0
DA:76,0
DA:80,2
DA:81,2
DA:82,2
LF:24
LH:3
end_of_record
TN:
SF:/home/daniel/zephyr-workspaces/integration/modules/mender-mcu/core/src/mender-inventory.c
FN:54,mender_inventory_init
FN:77,mender_inventory_activate
FN:91,mender_inventory_deactivate
FN:100,mender_inventory_set
FN:131,mender_inventory_execute
FN:145,mender_inventory_exit
FN:168,mender_inventory_work_function
FNDA:0,mender_inventory_deactivate
FNDA:1,mender_inventory_init
FNDA:1,mender_inventory_activate
FNDA:0,mender_inventory_exit
FNDA:0,mender_inventory_execute
FNDA:1,mender_inventory_set
FNDA:0,mender_inventory_work_function
FNF:7
FNH:3
DA:54,1
DA:58,1
DA:59,0
DA:60,0
DA:65,1
DA:66,1
DA:67,1
DA:68,1
DA:69,0
DA:70,0
DA:73,1
DA:77,1
DA:82,1
DA:83,0
DA:84,0
DA:87,1
DA:91,0
DA:94,0
DA:96,0
DA:100,1
DA:105,1
DA:106,0
DA:107,0
DA:111,1
DA:112,0
DA:113,0
DA:117,1
DA:118,0
DA:119,0
DA:122,1
DA:125,1
DA:127,1
DA:131,0
DA:136,0
DA:137,0
DA:138,0
DA:141,0
DA:145,0
DA:150,0
DA:151,0
DA:154,0
DA:155,0
DA:156,0
DA:160,0
DA:161,0
DA:162,0
DA:164,0
DA:168,0
DA:173,0
DA:174,0
DA:175,0
DA:179,0
DA:180,0
DA:181,0
DA:185,0
DA:186,0
DA:189,0
DA:192,0
DA:194,0
LF:59
LH:17
end_of_record
TN:
SF:/home/daniel/zephyr-workspaces/integration/modules/mender-mcu/core/src/mender-update-module.c
FN:31,mender_update_module_register
FN:60,mender_update_module_unregister_all
FN:71,mender_update_module_get
FNDA:0,mender_update_module_unregister_all
FNDA:1,mender_update_module_register
FNDA:1,mender_update_module_get
FNF:3
FNH:2
DA:31,1
DA:32,1
DA:35,1
DA:37,1
DA:38,0
DA:39,0
DA:40,0
DA:45,1
DA:46,0
DA:47,0
DA:48,0
DA:50,1
DA:51,1
DA:52,1
DA:54,1
DA:56,1
DA:60,0
DA:61,0
DA:62,0
DA:63,0
DA:65,0
DA:67,0
DA:68,0
DA:71,1
DA:72,1
DA:75,1
DA:76,2
DA:78,1
DA:79,1
DA:84,1
LF:30
LH:17
end_of_record
TN:
SF:/home/daniel/zephyr-workspaces/integration/modules/mender-mcu/core/src/mender-utils.c
FN:29,mender_utils_http_status_to_string
FN:101,mender_utils_strrstr
FN:123,mender_utils_strdup
FN:131,mender_utils_strndup
FN:143,mender_utils_asprintf
FN:157,mender_utils_vasprintf
FN:187,mender_utils_strbeginswith
FN:199,mender_utils_strendswith
FN:218,mender_utils_deployment_status_to_string
FN:239,hexdigit_value
FN:248,mender_utils_hexdump_to_bytes
FN:267,mender_utils_keystore_new
FN:283,mender_utils_keystore_copy
FN:308,mender_utils_keystore_from_json
FN:353,mender_utils_keystore_to_json
FN:375,mender_utils_keystore_set_item
FN:401,mender_utils_keystore_length
FN:415,mender_utils_keystore_delete
FN:436,mender_utils_identity_to_json
FN:454,mender_utils_key_value_list_free
FN:466,mender_utils_key_value_list_create_node
FN:501,mender_utils_key_value_list_to_string
FN:541,mender_utils_string_to_key_value_list
FN:586,mender_utils_key_value_list_append
FN:607,mender_utils_key_value_list_append_unique
FN:663,mender_utils_key_value_list_delete_node
FN:692,mender_utils_compare_wildcard
FNDA:1,mender_utils_keystore_new
FNDA:45,mender_utils_strndup
FNDA:2,mender_utils_keystore_set_item
FNDA:1,mender_utils_keystore_length
FNDA:1,mender_utils_key_value_list_to_string
FNDA:11,mender_utils_vasprintf
FNDA:1,mender_utils_key_value_list_delete_node
FNDA:61,mender_utils_strbeginswith
FNDA:5,mender_utils_deployment_status_to_string
FNDA:0,mender_utils_compare_wildcard
FNDA:3,mender_utils_key_value_list_free
FNDA:0,mender_utils_keystore_to_json
FNDA:1,mender_utils_key_value_list_append_unique
FNDA:1,mender_utils_identity_to_json
FNDA:9,mender_utils_strendswith
FNDA:3,mender_utils_hexdump_to_bytes
FNDA:192,hexdigit_value
FNDA:1,mender_utils_keystore_copy
FNDA:11,mender_utils_strrstr
FNDA:1,mender_utils_keystore_delete
FNDA:0,mender_utils_keystore_from_json
FNDA:3,mender_utils_key_value_list_create_node
FNDA:2,mender_utils_key_value_list_append
FNDA:0,mender_utils_asprintf
FNDA:44,mender_utils_strdup
FNDA:0,mender_utils_string_to_key_value_list
FNDA:1,mender_utils_http_status_to_string
FNF:27
FNH:22
DA:29,1
DA:91,27
DA:92,27
DA:93,1
DA:97,0
DA:101,11
DA:103,11
DA:104,11
DA:106,11
DA:108,11
DA:109,0
DA:112,7
DA:113,18
DA:114,18
DA:115,11
DA:117,7
DA:118,7
DA:123,44
DA:124,44
DA:126,44
DA:127,44
DA:131,45
DA:132,45
DA:134,45
DA:135,45
DA:136,0
DA:138,45
DA:139,45
DA:143,0
DA:144,0
DA:149,0
DA:150,0
DA:151,0
DA:153,0
DA:157,11
DA:158,11
DA:165,11
DA:170,11
DA:171,11
DA:172,11
DA:173,0
DA:175,11
DA:176,11
DA:177,0
DA:179,11
DA:180,11
DA:181,11
DA:183,11
DA:187,61
DA:190,61
DA:191,0
DA:195,61
DA:199,9
DA:202,9
DA:203,0
DA:206,9
DA:207,9
DA:209,9
DA:210,0
DA:214,9
DA:218,5
DA:221,5
DA:222,2
DA:223,3
DA:224,2
DA:225,1
DA:226,0
DA:227,1
DA:228,0
DA:229,1
DA:230,1
DA:231,0
DA:232,0
DA:235,0
DA:239,192
DA:240,192
DA:241,132
DA:243,60
DA:248,3
DA:249,3
DA:250,0
DA:251,0
DA:254,99
DA:255,96
DA:256,96
DA:257,96
DA:258,0
DA:259,0
DA:261,96
DA:263,3
DA:267,1
DA:270,1
DA:271,1
DA:272,0
DA:273,0
DA:277,1
DA:279,1
DA:283,1
DA:285,1
DA:286,1
DA:289,1
DA:290,1
DA:291,0
DA:292,0
DA:293,0
DA:295,3
DA:296,2
DA:297,0
DA:298,0
DA:302,1
DA:304,1
DA:308,0
DA:310,0
DA:314,0
DA:315,0
DA:316,0
DA:318,0
DA:321,0
DA:322,0
DA:323,0
DA:324,0
DA:325,0
DA:326,0
DA:328,0
DA:330,0
DA:331,0
DA:332,0
DA:333,0
DA:334,0
DA:335,0
DA:336,0
DA:337,0
DA:339,0
DA:341,0
DA:344,0
DA:345,0
DA:349,0
DA:353,0
DA:355,0
DA:358,0
DA:359,0
DA:360,0
DA:361,0
DA:363,0
DA:364,0
DA:365,0
DA:366,0
DA:367,0
DA:371,0
DA:375,2
DA:377,2
DA:380,2
DA:381,2
DA:384,2
DA:385,2
DA:386,0
DA:387,0
DA:390,2
DA:391,2
DA:392,0
DA:393,0
DA:397,2
DA:401,1
DA:404,1
DA:405,1
DA:406,3
DA:407,2
DA:411,1
DA:415,1
DA:418,1
DA:419,0
DA:420,0
DA:421,0
DA:422,0
DA:424,0
DA:425,0
DA:427,0
DA:429,0
DA:432,1
DA:436,1
DA:438,1
DA:441,1
DA:442,1
DA:443,0
DA:444,0
DA:446,1
DA:447,0
DA:448,0
DA:450,1
DA:454,3
DA:455,3
DA:456,3
DA:457,0
DA:458,0
DA:459,0
DA:460,0
DA:461,0
DA:463,3
DA:466,3
DA:468,3
DA:469,3
DA:470,3
DA:472,3
DA:473,3
DA:474,0
DA:475,0
DA:478,3
DA:479,3
DA:480,0
DA:481,0
DA:484,3
DA:485,3
DA:486,0
DA:487,0
DA:490,3
DA:491,3
DA:493,3
DA:495,0
DA:496,0
DA:497,0
DA:501,1
DA:510,1
DA:511,2
DA:512,1
DA:513,1
DA:517,1
DA:518,1
DA:519,0
DA:520,0
DA:524,1
DA:525,2
DA:526,1
DA:527,1
DA:528,1
DA:529,1
DA:530,0
DA:531,0
DA:533,1
DA:537,1
DA:541,0
DA:550,0
DA:551,0
DA:553,0
DA:554,0
DA:555,0
DA:556,0
DA:559,0
DA:561,0
DA:563,0
DA:564,0
DA:565,0
DA:566,0
DA:567,0
DA:568,0
DA:571,0
DA:572,0
DA:573,0
DA:574,0
DA:576,0
DA:579,0
DA:580,0
DA:581,0
DA:582,0
DA:586,2
DA:593,2
DA:594,2
DA:595,0
DA:596,0
DA:598,0
DA:600,2
DA:602,2
DA:603,2
DA:607,1
DA:610,1
DA:611,1
DA:612,1
DA:613,0
DA:617,1
DA:618,1
DA:620,1
DA:621,0
DA:623,0
DA:624,0
DA:625,0
DA:626,0
DA:631,0
DA:633,0
DA:634,0
DA:636,0
DA:640,0
DA:641,0
DA:643,0
DA:647,0
DA:649,0
DA:651,0
DA:654,0
DA:655,0
DA:659,1
DA:663,1
DA:665,1
DA:666,1
DA:667,1
DA:668,2
DA:669,1
DA:670,0
DA:671,0
DA:672,0
DA:673,0
DA:675,0
DA:677,0
DA:679,1
DA:680,1
DA:683,1
DA:684,0
DA:685,0
DA:686,0
DA:688,1
DA:692,0
DA:694,0
DA:695,0
DA:696,0
DA:698,0
DA:699,0
DA:701,0
DA:704,0
DA:705,0
DA:706,0
DA:709,0
DA:712,0
DA:713,0
DA:714,0
DA:715,0
DA:723,0
DA:724,0
DA:725,0
DA:726,0
DA:728,0
DA:729,0
DA:730,0
DA:731,0
DA:735,0
DA:736,0
DA:737,0
DA:739,0
DA:740,0
DA:743,0
DA:744,0
DA:747,0
LF:348
LH:161
end_of_record
TN:
SF:/home/daniel/zephyr-workspaces/integration/modules/mender-mcu/platform/log/zephyr/src/mender-log.c
FN:31,mender_log_init
FN:38,mender_log_exit
FNDA:0,mender_log_exit
FNDA:1,mender_log_init
FNF:2
FNH:1
DA:31,1
DA:34,1
DA:38,0
DA:41,0
LF:4
LH:2
end_of_record
TN:
SF:/home/daniel/zephyr-workspaces/integration/modules/mender-mcu/platform/memory/zephyr/src/mender-alloc.c
FN:29,mender_zephyr_malloc
FN:38,mender_zephyr_realloc
FN:47,mender_zephyr_free
FN:56,mender_set_platform_allocation_funcs
FNDA:11,mender_zephyr_realloc
FNDA:255,mender_zephyr_malloc
FNDA:218,mender_zephyr_free
FNDA:1,mender_set_platform_allocation_funcs
FNF:4
FNH:4
DA:29,255
DA:31,255
DA:38,11
DA:40,11
DA:47,218
DA:49,218
DA:53,218
DA:56,1
DA:57,1
DA:58,1
LF:10
LH:10
end_of_record
TN:
SF:/home/daniel/zephyr-workspaces/integration/modules/mender-mcu/platform/net/zephyr/src/mender-http.c
FN:79,mender_http_init
FN:99,mender_http_perform
FN:242,mender_http_artifact_download
FN:351,mender_http_exit
FN:358,http_response_cb
FN:378,artifact_response_cb
FN:398,http_method_to_zephyr_http_client_method
FNDA:19,artifact_response_cb
FNDA:6,http_method_to_zephyr_http_client_method
FNDA:1,mender_http_artifact_download
FNDA:5,mender_http_perform
FNDA:7,http_response_cb
FNDA:0,mender_http_exit
FNDA:1,mender_http_init
FNF:7
FNH:6
DA:79,1
DA:81,1
DA:82,1
DA:85,1
DA:87,1
DA:99,5
DA:108,5
DA:109,5
DA:110,5
DA:111,5
DA:112,5
DA:113,5
DA:114,5
DA:115,5
DA:116,5
DA:117,5
DA:118,5
DA:119,5
DA:123,5
DA:124,5
DA:125,5
DA:128,5
DA:129,0
DA:130,0
DA:134,5
DA:135,5
DA:136,5
DA:137,5
DA:138,5
DA:139,5
DA:140,5
DA:141,5
DA:142,0
DA:143,0
DA:145,5
DA:148,5
DA:149,5
DA:150,0
DA:151,0
DA:154,5
DA:155,0
DA:156,0
DA:159,5
DA:160,4
DA:161,4
DA:162,0
DA:163,0
DA:167,5
DA:168,1
DA:169,1
DA:170,0
DA:171,0
DA:175,5
DA:176,5
DA:177,0
DA:178,0
DA:182,5
DA:185,5
DA:186,4
DA:187,0
DA:188,0
DA:190,4
DA:191,0
DA:192,0
DA:196,4
DA:197,0
DA:198,0
DA:202,4
DA:203,0
DA:207,4
DA:208,0
DA:209,0
DA:210,0
DA:212,4
DA:214,4
DA:215,0
DA:216,0
DA:219,4
DA:221,4
DA:224,4
DA:225,4
DA:229,4
DA:230,4
DA:231,4
DA:232,4
DA:233,4
DA:234,4
DA:236,4
DA:238,4
DA:242,1
DA:243,1
DA:244,1
DA:246,1
DA:247,1
DA:248,1
DA:249,1
DA:250,1
DA:251,1
DA:252,1
DA:253,1
DA:254,1
DA:258,1
DA:261,1
DA:262,0
DA:263,0
DA:267,1
DA:268,1
DA:269,1
DA:270,1
DA:271,1
DA:272,1
DA:273,0
DA:274,0
DA:276,1
DA:279,1
DA:280,1
DA:281,0
DA:282,0
DA:284,1
DA:285,0
DA:286,0
DA:288,1
DA:291,1
DA:292,1
DA:293,0
DA:294,0
DA:296,1
DA:297,0
DA:298,0
DA:302,1
DA:303,0
DA:304,0
DA:308,1
DA:309,0
DA:313,1
DA:314,0
DA:318,1
DA:319,0
DA:320,0
DA:321,0
DA:323,1
DA:325,1
DA:326,0
DA:327,0
DA:330,1
DA:332,1
DA:335,1
DA:336,1
DA:340,1
DA:341,1
DA:342,1
DA:343,1
DA:345,1
DA:347,1
DA:351,0
DA:354,0
DA:358,7
DA:359,7
DA:360,7
DA:363,7
DA:366,7
DA:369,6
DA:370,6
DA:371,6
DA:372,0
DA:375,7
DA:378,19
DA:380,19
DA:381,19
DA:384,19
DA:387,19
DA:390,19
DA:391,19
DA:392,0
DA:395,19
DA:398,6
DA:401,6
DA:402,1
DA:403,1
DA:404,2
DA:405,2
DA:406,3
DA:407,3
DA:408,0
DA:409,0
DA:410,0
DA:411,0
LF:187
LH:132
end_of_record
TN:
SF:/home/daniel/zephyr-workspaces/integration/modules/mender-mcu/platform/net/zephyr/src/mender-net.c
FN:39,mender_net_get_host_port_url
FN:107,header_add
FN:127,header_alloc_and_add
FN:149,mender_net_connect
FN:254,mender_net_disconnect
FNDA:5,mender_net_disconnect
FNDA:11,mender_net_get_host_port_url
FNDA:6,mender_net_connect
FNDA:22,header_add
FNDA:11,header_alloc_and_add
FNF:5
FNH:5
DA:39,11
DA:41,11
DA:42,11
DA:43,11
DA:45,11
DA:46,11
DA:49,11
DA:52,5
DA:53,5
DA:54,0
DA:55,0
DA:57,5
DA:61,6
DA:62,0
DA:63,6
DA:64,6
DA:65,6
DA:69,6
DA:70,6
DA:71,1
DA:72,0
DA:73,0
DA:78,6
DA:79,6
DA:80,5
DA:81,5
DA:82,1
DA:83,1
DA:84,1
DA:85,0
DA:86,0
DA:87,0
DA:89,0
DA:90,0
DA:93,6
DA:95,0
DA:96,0
DA:97,0
DA:99,0
DA:100,0
DA:103,6
DA:107,22
DA:110,22
DA:111,0
DA:115,53
DA:116,53
DA:117,22
DA:118,22
DA:122,0
DA:123,0
DA:127,11
DA:129,11
DA:132,11
DA:133,11
DA:134,11
DA:135,11
DA:136,0
DA:137,0
DA:140,11
DA:141,0
DA:142,0
DA:143,0
DA:145,11
DA:149,6
DA:151,6
DA:152,6
DA:155,6
DA:156,6
DA:157,6
DA:158,6
DA:164,6
DA:166,6
DA:167,6
DA:171,6
DA:172,5
DA:173,5
DA:176,0
DA:177,0
DA:179,5
DA:180,0
DA:181,0
DA:186,5
DA:190,0
DA:191,0
DA:198,5
DA:208,5
DA:209,0
DA:210,0
DA:214,5
DA:215,0
DA:216,0
DA:220,5
DA:221,5
DA:222,0
DA:223,0
DA:229,5
DA:230,0
DA:231,0
DA:235,5
DA:236,5
DA:238,5
DA:240,0
DA:242,0
DA:243,0
DA:246,0
DA:247,0
DA:250,0
DA:254,5
DA:257,5
DA:259,5
LF:110
LH:67
end_of_record
TN:
SF:/home/daniel/zephyr-workspaces/integration/modules/mender-mcu/platform/os/zephyr/src/mender-os.c
FN:67,mender_os_scheduler_init
FN:84,mender_os_scheduler_work_create
FN:124,mender_os_scheduler_work_activate
FN:143,mender_os_scheduler_work_execute
FN:156,mender_os_scheduler_work_set_period
FN:176,mender_os_scheduler_work_deactivate
FN:191,mender_os_scheduler_work_delete
FN:203,mender_os_scheduler_exit
FN:211,mender_os_scheduler_work_handler
FN:244,mender_os_mutex_create
FN:260,mender_os_mutex_take
FN:272,mender_os_mutex_give
FN:284,mender_os_mutex_delete
FN:293,mender_os_reboot
FNDA:5,mender_os_mutex_take
FNDA:1,mender_os_scheduler_init
FNDA:0,mender_os_scheduler_work_delete
FNDA:2,mender_os_mutex_create
FNDA:0,mender_os_mutex_delete
FNDA:0,mender_os_scheduler_work_execute
FNDA:1,mender_os_scheduler_work_handler
FNDA:2,mender_os_scheduler_work_activate
FNDA:4,mender_os_mutex_give
FNDA:0,mender_os_scheduler_work_set_period
FNDA:0,mender_os_scheduler_exit
FNDA:0,mender_os_reboot
FNDA:2,mender_os_scheduler_work_create
FNDA:0,mender_os_scheduler_work_deactivate
FNF:14
FNH:7
DA:67,1
DA:80,1
DA:84,2
DA:85,2
DA:86,2
DA:87,2
DA:88,2
DA:91,2
DA:92,2
DA:93,0
DA:94,0
DA:98,2
DA:99,2
DA:100,2
DA:101,0
DA:102,0
DA:105,2
DA:108,2
DA:110,2
DA:112,0
DA:115,0
DA:116,0
DA:117,0
DA:120,0
DA:124,2
DA:125,2
DA:126,2
DA:128,2
DA:133,2
DA:137,2
DA:139,2
DA:143,0
DA:144,0
DA:149,0
DA:152,0
DA:156,0
DA:157,0
DA:160,0
DA:161,0
DA:165,0
DA:168,0
DA:169,0
DA:172,0
DA:176,0
DA:177,0
DA:180,0
DA:181,0
DA:184,0
DA:187,0
DA:191,0
DA:192,0
DA:193,0
DA:196,0
DA:197,0
DA:199,0
DA:203,0
DA:207,0
DA:211,1
DA:212,1
DA:216,1
DA:217,1
DA:218,1
DA:220,1
DA:222,0
DA:226,1
DA:227,1
DA:229,0
DA:231,0
DA:232,0
DA:239,0
DA:244,2
DA:245,2
DA:248,2
DA:249,0
DA:251,2
DA:252,0
DA:253,0
DA:256,2
DA:260,5
DA:261,5
DA:264,5
DA:265,0
DA:268,5
DA:272,4
DA:273,4
DA:276,4
DA:277,0
DA:280,4
DA:284,0
DA:287,0
DA:289,0
DA:293,0
DA:294,0
LF:93
LH:43
end_of_record
TN:
SF:/home/daniel/zephyr-workspaces/integration/modules/mender-mcu/platform/sha/generic/mbedtls/src/mender-sha.c
FN:27,mender_sha256_begin
FN:48,mender_sha256_update
FN:61,mender_sha256_finish
FNDA:3,mender_sha256_finish
FNDA:7,mender_sha256_update
FNDA:3,mender_sha256_begin
FNF:3
FNH:3
DA:27,3
DA:28,3
DA:30,3
DA:31,3
DA:32,0
DA:33,0
DA:36,3
DA:37,3
DA:38,0
DA:39,0
DA:40,0
DA:43,3
DA:44,3
DA:48,7
DA:49,7
DA:51,7
DA:52,7
DA:53,0
DA:54,0
DA:57,7
DA:61,3
DA:62,3
DA:63,3
DA:64,3
DA:65,3
DA:66,3
DA:67,0
DA:68,0
DA:71,3
DA:72,3
DA:74,3
LF:31
LH:22
end_of_record
TN:
SF:/home/daniel/zephyr-workspaces/integration/modules/mender-mcu/platform/storage/zephyr/nvs/src/mender-storage.c
FN:56,nvs_read_alloc
FN:85,checked_nvs_write
FN:94,crc_add
FN:113,crc_check
FN:138,mender_storage_init
FN:167,mender_storage_set_authentication_keys
FN:183,mender_storage_get_authentication_keys
FN:217,mender_storage_delete_authentication_keys
FN:230,mender_storage_set_deployment_data
FN:252,mender_storage_get_deployment_data
FN:278,mender_storage_delete_deployment_data
FN:292,mender_storage_set_provides
FN:313,mender_storage_get_provides
FN:338,mender_storage_delete_provides
FN:352,mender_storage_set_artifact_name
FN:369,mender_storage_get_artifact_name
FN:396,mender_storage_exit
FNDA:0,mender_storage_set_provides
FNDA:0,checked_nvs_write
FNDA:3,mender_storage_get_provides
FNDA:0,mender_storage_delete_authentication_keys
FNDA:1,mender_storage_get_artifact_name
FNDA:0,mender_storage_delete_deployment_data
FNDA:0,mender_storage_exit
FNDA:1,mender_storage_get_authentication_keys
FNDA:1,mender_storage_get_deployment_data
FNDA:2,crc_add
FNDA:6,nvs_read_alloc
FNDA:1,mender_storage_set_authentication_keys
FNDA:1,mender_storage_init
FNDA:0,mender_storage_set_artifact_name
FNDA:0,crc_check
FNDA:0,mender_storage_delete_provides
FNDA:2,mender_storage_set_deployment_data
FNF:17
FNH:9
DA:56,6
DA:61,6
DA:62,6
DA:63,6
DA:65,0
DA:68,0
DA:69,0
DA:70,0
DA:71,0
DA:75,0
DA:76,0
DA:77,0
DA:78,0
DA:81,0
DA:85,0
DA:86,0
DA:90,0
DA:94,2
DA:96,2
DA:97,2
DA:99,2
DA:100,2
DA:101,2
DA:102,0
DA:103,0
DA:105,2
DA:106,2
DA:107,2
DA:109,2
DA:113,0
DA:115,0
DA:117,0
DA:120,0
DA:123,0
DA:125,0
DA:126,0
DA:127,0
DA:130,0
DA:131,0
DA:134,0
DA:138,1
DA:143,1
DA:144,1
DA:145,0
DA:146,0
DA:149,1
DA:150,1
DA:151,0
DA:152,0
DA:154,1
DA:155,1
DA:158,1
DA:159,0
DA:160,0
DA:163,1
DA:167,1
DA:169,1
DA:170,1
DA:173,1
DA:174,1
DA:175,0
DA:176,0
DA:179,1
DA:183,1
DA:185,1
DA:186,1
DA:187,1
DA:188,1
DA:191,1
DA:192,1
DA:193,1
DA:194,1
DA:196,0
DA:198,1
DA:202,0
DA:203,0
DA:204,0
DA:205,0
DA:207,0
DA:209,0
DA:210,0
DA:213,0
DA:217,0
DA:220,0
DA:221,0
DA:222,0
DA:223,0
DA:226,0
DA:230,2
DA:232,2
DA:234,2
DA:237,2
DA:238,0
DA:243,2
DA:244,0
DA:245,0
DA:248,2
DA:252,1
DA:254,1
DA:255,1
DA:258,1
DA:259,1
DA:260,1
DA:261,1
DA:263,0
DA:265,1
DA:269,0
DA:270,0
DA:274,0
DA:278,0
DA:281,0
DA:282,0
DA:283,0
DA:286,0
DA:292,0
DA:294,0
DA:296,0
DA:297,0
DA:298,0
DA:302,0
DA:303,0
DA:304,0
DA:305,0
DA:308,0
DA:309,0
DA:313,3
DA:315,3
DA:316,3
DA:318,3
DA:320,3
DA:321,3
DA:322,3
DA:323,3
DA:325,0
DA:327,3
DA:331,0
DA:332,0
DA:334,0
DA:338,0
DA:341,0
DA:342,0
DA:343,0
DA:346,0
DA:352,0
DA:354,0
DA:357,0
DA:358,0
DA:359,0
DA:362,0
DA:363,0
DA:365,0
DA:369,1
DA:371,1
DA:373,1
DA:374,0
DA:375,0
DA:381,1
DA:382,1
DA:383,1
DA:384,1
DA:385,1
DA:388,0
DA:392,0
DA:396,0
DA:398,0
DA:400,0
LF:166
LH:70
end_of_record
TN:
SF:/home/daniel/zephyr-workspaces/integration/modules/mender-mcu/platform/tls/generic/mbedtls/src/mender-tls.c
FN:124,mender_tls_init
FN:131,mender_tls_init_authentication_keys
FN:231,mender_tls_get_public_key_pem
FN:258,mender_tls_sign_payload
FN:364,mender_tls_exit
FN:376,mender_tls_generate_authentication_keys
FN:438,mender_tls_user_provided_authentication_keys
FN:490,mender_tls_get_authentication_keys
FN:584,mender_tls_pem_write_buffer
FNDA:1,mender_tls_generate_authentication_keys
FNDA:0,mender_tls_user_provided_authentication_keys
FNDA:1,mender_tls_init
FNDA:0,mender_tls_exit
FNDA:1,mender_tls_sign_payload
FNDA:2,mender_tls_pem_write_buffer
FNDA:1,mender_tls_get_authentication_keys
FNDA:1,mender_tls_get_public_key_pem
FNDA:1,mender_tls_init_authentication_keys
FNF:9
FNH:7
DA:124,1
DA:127,1
DA:131,1
DA:134,1
DA:135,1
DA:136,1
DA:137,1
DA:140,1
DA:142,0
DA:143,0
DA:144,0
DA:149,1
DA:150,0
DA:151,0
DA:153,0
DA:155,0
DA:156,0
DA:157,0
DA:160,0
DA:161,0
DA:162,0
DA:165,0
DA:166,0
DA:172,0
DA:173,0
DA:174,0
DA:177,0
DA:178,0
DA:182,1
DA:183,1
DA:185,0
DA:187,0
DA:188,1
DA:189,1
DA:190,1
DA:191,0
DA:194,0
DA:196,0
DA:197,0
DA:199,0
DA:200,0
DA:202,0
DA:203,0
DA:205,0
DA:206,0
DA:207,0
DA:211,1
DA:212,1
DA:213,1
DA:215,0
DA:216,0
DA:220,1
DA:221,1
DA:222,1
DA:223,0
DA:224,0
DA:227,1
DA:231,1
DA:233,1
DA:237,1
DA:238,1
DA:239,1
DA:240,0
DA:241,0
DA:243,1
DA:244,0
DA:245,0
DA:249,1
DA:250,0
DA:251,0
DA:254,1
DA:258,1
DA:260,1
DA:261,1
DA:262,1
DA:264,1
DA:265,1
DA:266,1
DA:267,1
DA:272,1
DA:273,0
DA:274,0
DA:275,0
DA:277,1
DA:278,1
DA:279,0
DA:280,0
DA:281,0
DA:283,1
DA:284,1
DA:285,0
DA:286,0
DA:287,0
DA:289,1
DA:292,1
DA:293,0
DA:294,0
DA:299,1
DA:303,0
DA:304,0
DA:309,1
DA:310,0
DA:311,0
DA:315,1
DA:316,0
DA:317,0
DA:318,0
DA:320,1
DA:322,1
DA:326,0
DA:327,0
DA:331,1
DA:332,0
DA:333,0
DA:334,0
DA:336,1
DA:337,1
DA:338,0
DA:339,0
DA:340,0
DA:342,0
DA:343,0
DA:344,0
DA:347,1
DA:350,1
DA:351,1
DA:352,1
DA:353,1
DA:354,1
DA:355,1
DA:358,1
DA:360,1
DA:364,0
DA:367,0
DA:368,0
DA:369,0
DA:370,0
DA:372,0
DA:376,1
DA:378,1
DA:379,1
DA:380,1
DA:384,1
DA:385,0
DA:386,0
DA:387,0
DA:389,1
DA:390,1
DA:391,0
DA:392,0
DA:393,0
DA:395,1
DA:398,1
DA:399,0
DA:400,0
DA:404,1
DA:405,0
DA:406,0
DA:410,1
DA:411,1
DA:412,1
DA:413,1
DA:416,1
DA:417,0
DA:418,0
DA:422,1
DA:423,0
DA:424,0
DA:427,1
DA:429,1
DA:430,1
DA:431,1
DA:432,1
DA:434,1
DA:438,0
DA:440,0
DA:441,0
DA:443,0
DA:444,0
DA:448,0
DA:449,0
DA:450,0
DA:451,0
DA:453,0
DA:454,0
DA:455,0
DA:456,0
DA:457,0
DA:459,0
DA:462,0
DA:463,0
DA:464,0
DA:469,0
DA:470,0
DA:475,0
DA:476,0
DA:479,0
DA:481,0
DA:482,0
DA:483,0
DA:484,0
DA:486,0
DA:490,1
DA:497,1
DA:498,1
DA:499,1
DA:500,1
DA:503,1
DA:508,1
DA:509,0
DA:510,0
DA:511,0
DA:513,1
DA:515,1
DA:516,0
DA:517,0
DA:518,0
DA:522,1
DA:523,0
DA:524,0
DA:529,1
DA:530,0
DA:531,0
DA:532,0
DA:534,1
DA:535,0
DA:536,0
DA:537,0
DA:539,1
DA:540,1
DA:541,1
DA:542,0
DA:543,0
DA:544,0
DA:545,0
DA:547,1
DA:550,1
DA:551,0
DA:552,0
DA:553,0
DA:554,0
DA:556,1
DA:557,0
DA:558,0
DA:559,0
DA:560,0
DA:562,1
DA:563,1
DA:564,1
DA:565,0
DA:566,0
DA:567,0
DA:568,0
DA:569,0
DA:571,1
DA:572,1
DA:574,1
DA:577,1
DA:578,1
DA:580,1
DA:584,2
DA:589,2
DA:590,2
DA:591,2
DA:594,2
DA:595,2
DA:596,2
DA:597,0
DA:598,0
DA:599,0
DA:603,2
DA:606,2
DA:607,1
DA:608,1
DA:609,1
DA:613,1
DA:614,0
DA:615,0
DA:619,1
DA:620,0
DA:621,0
DA:622,0
DA:626,1
DA:627,0
DA:628,0
DA:629,0
DA:633,1
DA:634,1
DA:635,1
DA:638,1
DA:639,4
DA:640,3
DA:641,3
DA:642,3
DA:643,3
DA:644,3
DA:645,3
DA:649,1
DA:650,1
DA:651,1
DA:654,1
DA:657,1
DA:659,2
DA:662,2
DA:664,2
LF:305
LH:144
end_of_record
